
Tue Apr 12 18:25:11 2022
INFO: SELECT * FROM CONCIERTO
Tue Apr 12 18:28:49 2022
INFO: SELECT * FROM CONCIERTO
Tue Apr 12 18:29:35 2022
INFO: SELECT * FROM CONCIERTO
Tue Apr 12 18:30:27 2022
INFO: SELECT * FROM CONCIERTO
Tue Apr 12 18:31:21 2022
INFO: SELECT * FROM CONCIERTO
Tue Apr 12 18:32:03 2022
INFO: SELECT * FROM CONCIERTO
Tue Apr 12 18:32:17 2022
INFO: SELECT * FROM CONCIERTO
Tue Apr 12 18:32:55 2022
INFO: SELECT * FROM CONCIERTO
Tue Apr 12 18:34:27 2022
INFO: SELECT * FROM CONCIERTO
Tue Apr 12 18:35:34 2022
INFO: SELECT * FROM CONCIERTO
Tue Apr 12 18:36:17 2022
INFO: SELECT * FROM CONCIERTO
Tue Apr 12 18:36:49 2022
INFO: SELECT * FROM CONCIERTO
Tue Apr 12 18:37:12 2022
INFO: SELECT * FROM CONCIERTO
Tue Apr 12 18:38:00 2022
INFO: SELECT * FROM CONCIERTO
Tue Apr 12 18:38:41 2022
INFO: SELECT * FROM CONCIERTO
Tue Apr 12 18:40:00 2022
INFO: SELECT COUNT(ENTRADA.COD) FROM ENTRADA
Tue Apr 12 18:40:00 2022
INFO: SELECT SUM(COSTE) FROM CONCIERTO
Tue Apr 12 18:40:00 2022
INFO: SELECT SUM(COSTE) FROM PUESTO
Tue Apr 12 18:40:00 2022
INFO: SELECT SUM(COSTE) FROM CONCIERTO
Tue Apr 12 18:40:00 2022
INFO: SELECT SUM(COSTE) FROM PUESTO
Tue Apr 12 18:40:56 2022
INFO: SELECT * FROM CONCIERTO
Tue Apr 12 18:41:03 2022
INFO: SELECT COUNT(ENTRADA.COD) FROM ENTRADA
Tue Apr 12 18:41:03 2022
INFO: SELECT SUM(COSTE) FROM CONCIERTO
Tue Apr 12 18:41:03 2022
INFO: SELECT SUM(COSTE) FROM PUESTO
Tue Apr 12 18:41:03 2022
INFO: SELECT SUM(COSTE) FROM CONCIERTO
Tue Apr 12 18:41:03 2022
INFO: SELECT SUM(COSTE) FROM PUESTO
Tue Apr 12 18:42:41 2022
INFO: SELECT * FROM CONCIERTO
Tue Apr 12 18:42:45 2022
INFO: SELECT COUNT(ENTRADA.COD) FROM ENTRADA
Tue Apr 12 18:42:45 2022
INFO: SELECT SUM(COSTE) FROM CONCIERTO
Tue Apr 12 18:42:45 2022
INFO: SELECT SUM(COSTE) FROM PUESTO
Tue Apr 12 18:42:45 2022
INFO: SELECT SUM(COSTE) FROM CONCIERTO
Tue Apr 12 18:42:45 2022
INFO: SELECT SUM(COSTE) FROM PUESTO